  Assembling P0_Check.asm...
  Assembling P10_MUL_part3.asm...
  Assembling P11_DIV.asm...
  Assembling P12_DIV_part2.asm...
  Assembling P13_DIV_part3.asm...
  Assembling P14_ImpresionTexto.asm...
  Assembling P15_ImpresionNumero.asm...
  Assembling P16_LecturaNumero.asm...
  Assembling P17_Prom3Nums.asm...
  Assembling P18_MultialCuadrado.asm...
  Assembling P19_Intercambio_Valores.asm...
  Assembling P1TEV_Sum_dob_trip.asm...
  Assembling P1_Mov.asm...
  Assembling P20_Saltos_Condicionales.asm...
  Assembling P20_Salto_Condicionales_part1.asm...
  Assembling P25_SaltoCond_Ejemplos.asm...
  Assembling P2_Mov_Parte2.asm...
  Assembling P3TEV_Suma_de_Numeros.asm...
  Assembling P3_Mov_Parte3.asm...
  Assembling P3_Mov_Parte4.asm...
  Assembling P5_ADD.asm...
  Assembling P6_ADD_part2.asm...
  Assembling P7_SUB.asm...
  Assembling P8_MUL.asm...
  Assembling P9_MUL_part2.asm...
  Assembling P4_Salario_Trabajador.asm...
  LINK : no se encontró C:\Users\Esteven Hdz\source\repos\PM_0_ProgramasClase_U2\Debug\PM_0_ProgramasClase_U2.exe o no lo generó el último vínculo incremental; ejecutando vínculo completo
P0_Check.obj : warning LNK4258: la directiva '/ENTRY:main1@0' no es compatible con el modificador '/ENTRY:main25'; se ha omitido
P10_MUL_part3.obj : warning LNK4258: la directiva '/ENTRY:main10@0' no es compatible con el modificador '/ENTRY:main25'; se ha omitido
P11_DIV.obj : warning LNK4258: la directiva '/ENTRY:main11@0' no es compatible con el modificador '/ENTRY:main25'; se ha omitido
P12_DIV_part2.obj : warning LNK4258: la directiva '/ENTRY:main12@0' no es compatible con el modificador '/ENTRY:main25'; se ha omitido
P13_DIV_part3.obj : warning LNK4258: la directiva '/ENTRY:main13@0' no es compatible con el modificador '/ENTRY:main25'; se ha omitido
P14_ImpresionTexto.obj : warning LNK4258: la directiva '/ENTRY:main14@0' no es compatible con el modificador '/ENTRY:main25'; se ha omitido
P15_ImpresionNumero.obj : warning LNK4258: la directiva '/ENTRY:main15@0' no es compatible con el modificador '/ENTRY:main25'; se ha omitido
P16_LecturaNumero.obj : warning LNK4258: la directiva '/ENTRY:main16@0' no es compatible con el modificador '/ENTRY:main25'; se ha omitido
P17_Prom3Nums.obj : warning LNK4258: la directiva '/ENTRY:main17@0' no es compatible con el modificador '/ENTRY:main25'; se ha omitido
P18_MultialCuadrado.obj : warning LNK4258: la directiva '/ENTRY:main18@0' no es compatible con el modificador '/ENTRY:main25'; se ha omitido
P19_Intercambio_Valores.obj : warning LNK4258: la directiva '/ENTRY:main19@0' no es compatible con el modificador '/ENTRY:main25'; se ha omitido
P1TEV_Sum_dob_trip.obj : warning LNK4258: la directiva '/ENTRY:mainY@0' no es compatible con el modificador '/ENTRY:main25'; se ha omitido
P1_Mov.obj : warning LNK4258: la directiva '/ENTRY:main2@0' no es compatible con el modificador '/ENTRY:main25'; se ha omitido
P20_Saltos_Condicionales.obj : warning LNK4258: la directiva '/ENTRY:main20@0' no es compatible con el modificador '/ENTRY:main25'; se ha omitido
P20_Salto_Condicionales_part1.obj : warning LNK4258: la directiva '/ENTRY:main201@0' no es compatible con el modificador '/ENTRY:main25'; se ha omitido
P25_SaltoCond_Ejemplos.obj : warning LNK4258: la directiva '/ENTRY:main25@0' no es compatible con el modificador '/ENTRY:main25'; se ha omitido
P2_Mov_Parte2.obj : warning LNK4258: la directiva '/ENTRY:mainp2@0' no es compatible con el modificador '/ENTRY:main25'; se ha omitido
P3TEV_Suma_de_Numeros.obj : warning LNK4258: la directiva '/ENTRY:tarea@0' no es compatible con el modificador '/ENTRY:main25'; se ha omitido
P3_Mov_Parte3.obj : warning LNK4258: la directiva '/ENTRY:mainp3@0' no es compatible con el modificador '/ENTRY:main25'; se ha omitido
P3_Mov_Parte4.obj : warning LNK4258: la directiva '/ENTRY:mainp4@0' no es compatible con el modificador '/ENTRY:main25'; se ha omitido
P5_ADD.obj : warning LNK4258: la directiva '/ENTRY:mainAD@0' no es compatible con el modificador '/ENTRY:main25'; se ha omitido
P6_ADD_part2.obj : warning LNK4258: la directiva '/ENTRY:mainad2@0' no es compatible con el modificador '/ENTRY:main25'; se ha omitido
P7_SUB.obj : warning LNK4258: la directiva '/ENTRY:mainSUB@0' no es compatible con el modificador '/ENTRY:main25'; se ha omitido
P8_MUL.obj : warning LNK4258: la directiva '/ENTRY:main8@0' no es compatible con el modificador '/ENTRY:main25'; se ha omitido
P9_MUL_part2.obj : warning LNK4258: la directiva '/ENTRY:main9@0' no es compatible con el modificador '/ENTRY:main25'; se ha omitido
P4_Salario_Trabajador.obj : warning LNK4258: la directiva '/ENTRY:mainZ@0' no es compatible con el modificador '/ENTRY:main25'; se ha omitido
  PM_0_ProgramasClase_U2.vcxproj -> C:\Users\Esteven Hdz\source\repos\PM_0_ProgramasClase_U2\Debug\PM_0_ProgramasClase_U2.exe
